/index.php
/coala.php
/settings.php~
/action.php
/actions
/css
/css/water.css
/css/static.php
/css/rabbit/unittest.css
/elements
/elements/developer
/elements/developer/_water.php
/elements/developer/test
/elements/developer/test/_case.php
/elements/developer/test/_run.php
/elements/developer/test/_view.php
/elements/404.php
/elements/main.php
/elements/home.php~
/images
/etc
/etc/database
/etc/database/xml2sql.xsl
/etc/legal.txt
/js
/js/coala.js
/js/static.php
/libs
/libs/rabbit
/libs/rabbit/*
/libs/jsmin.php
/libs/project.php~
/tests
/tests/rabbit
/tests/rabbit/*
/units
/robots.txt
