jquery.js
#jquery.lazyload.js
jquery.modal.js
animations.js
settings.js
about.js
jquery.center.js
modal.js
trivial/dates.js
coala.js
places.js
admanager.js
album/list.js
album/photo/list.js
album/photo/view.js
album/photo/tag.js
notification.js
kamibu.js
poll/list.js
poll/view.js
journal/view.js
journal/new.js
journal/list.js
user/join.js
user/joined.js
user/settings.js
user/profile.js
user/suggest.js
user/friends.js
banner.js
date.js
pm.js
frontpage.js
moodpicker.js
default.js
types.js
questions.js
analytics.js
comments.js
contacts/view.js
search/search.js
search/im.js
schools.js
store.js
meteor.js
comet.js
applications.js
album/manager.js
favourites.js
wysiwyg.js
errorhandler.js