intro.xsl

html.xsl
topbar.xsl
author.xsl
title.xsl
favourite/listing.xsl
photo/listing.xsl
photo/view.xsl
photo/create.xsl
comment/listing.xsl
comment/view.xsl
session/view.xsl
session/create.xsl
user/view.xsl
user/create.xsl
user/details.xsl
user/edit.xsl
user/player.xsl
poll/view.xsl
poll/create.xsl
poll/listing.xsl
news/listing.xsl
journal/view.xsl
journal/create.xsl
journal/listing.xsl
friendship/listing.xsl
album/listing.xsl
album/view.xsl
notification/listing.xsl
ban/listing.xsl
chat.xsl
dashboard/view.xsl

outro.xsl
