album/list.css
album/list-ie6.css
album/small.css
album/photo/list.css
album/photo/small.css
album/photo/view.css
album/photo/upload.css
frontpage/comments.css
frontpage/events.css
frontpage/shoutbox.css
frontpage/view.css
journal/list.css
journal/small.css
journal/view.css
journal/new.css
poll/list.css
poll/small.css
poll/view.css
question/answer/view.css
user/join.css
user/joined.css
user/list.css
user/relations.css
user/sections.css
user/settings.css
user/profile/view.css
space/view.css
space/edit.css
banner.css
bubbles.css
comment.css
default.css
favourites.css
footer.css
forms.css
headlines.css
links.css
modal.css
moodpicker.css
pagify.css
people.css
pm.css
search.css
wysiwyg.css